#! /d/a/fpga-toolchain-build/fpga-toolchain-build/iverilog/_install/bin/vvp
:ivl_version "11.0 (stable)" "(d3b0992)";
:ivl_delay_selection "TYPICAL";
:vpi_time_precision + 0;
:vpi_module "C:\PROGRA~3\CHOCOL~1\lib\iverilog\tools\lib\ivl\system.vpi";
:vpi_module "C:\PROGRA~3\CHOCOL~1\lib\iverilog\tools\lib\ivl\vhdl_sys.vpi";
:vpi_module "C:\PROGRA~3\CHOCOL~1\lib\iverilog\tools\lib\ivl\vhdl_textio.vpi";
:vpi_module "C:\PROGRA~3\CHOCOL~1\lib\iverilog\tools\lib\ivl\v2005_math.vpi";
:vpi_module "C:\PROGRA~3\CHOCOL~1\lib\iverilog\tools\lib\ivl\va_math.vpi";
:vpi_module "C:\PROGRA~3\CHOCOL~1\lib\iverilog\tools\lib\ivl\v2009.vpi";
S_00000279653c6890 .scope package, "$unit" "$unit" 2 1;
 .timescale 0 0;
S_00000279653c6a20 .scope module, "alu" "alu" 3 2;
 .timescale 0 0;
    .port_info 0 /INPUT 4 "a";
    .port_info 1 /INPUT 4 "b";
    .port_info 2 /INPUT 2 "op";
    .port_info 3 /OUTPUT 4 "y";
L_000002796545bc40 .functor BUFZ 4, v00000279653c6c50_0, C4<0000>, C4<0000>, C4<0000>;
o0000027965416fd8 .functor BUFZ 4, C4<zzzz>; HiZ drive
v00000279653c6fa0_0 .net "a", 3 0, o0000027965416fd8;  0 drivers
o0000027965417008 .functor BUFZ 4, C4<zzzz>; HiZ drive
v00000279653cbea0_0 .net "b", 3 0, o0000027965417008;  0 drivers
o0000027965417038 .functor BUFZ 2, C4<zz>; HiZ drive
v00000279653cbf40_0 .net "op", 1 0, o0000027965417038;  0 drivers
v00000279653c6bb0_0 .net "y", 3 0, L_000002796545bc40;  1 drivers
v00000279653c6c50_0 .var "y_reg", 3 0;
E_00000279653cc4b0 .event edge, v00000279653cbf40_0, v00000279653c6fa0_0, v00000279653cbea0_0;
    .scope S_00000279653c6a20;
T_0 ;
    %wait E_00000279653cc4b0;
    %load/vec4 v00000279653cbf40_0;
    %dup/vec4;
    %pushi/vec4 0, 0, 2;
    %cmp/u;
    %jmp/1 T_0.0, 6;
    %dup/vec4;
    %pushi/vec4 1, 0, 2;
    %cmp/u;
    %jmp/1 T_0.1, 6;
    %dup/vec4;
    %pushi/vec4 2, 0, 2;
    %cmp/u;
    %jmp/1 T_0.2, 6;
    %dup/vec4;
    %pushi/vec4 3, 0, 2;
    %cmp/u;
    %jmp/1 T_0.3, 6;
    %pushi/vec4 0, 0, 4;
    %store/vec4 v00000279653c6c50_0, 0, 4;
    %jmp T_0.5;
T_0.0 ;
    %load/vec4 v00000279653c6fa0_0;
    %load/vec4 v00000279653cbea0_0;
    %add;
    %store/vec4 v00000279653c6c50_0, 0, 4;
    %jmp T_0.5;
T_0.1 ;
    %load/vec4 v00000279653c6fa0_0;
    %load/vec4 v00000279653cbea0_0;
    %sub;
    %store/vec4 v00000279653c6c50_0, 0, 4;
    %jmp T_0.5;
T_0.2 ;
    %load/vec4 v00000279653c6fa0_0;
    %load/vec4 v00000279653cbea0_0;
    %and;
    %store/vec4 v00000279653c6c50_0, 0, 4;
    %jmp T_0.5;
T_0.3 ;
    %load/vec4 v00000279653c6fa0_0;
    %load/vec4 v00000279653cbea0_0;
    %or;
    %store/vec4 v00000279653c6c50_0, 0, 4;
    %jmp T_0.5;
T_0.5 ;
    %pop/vec4 1;
    %jmp T_0;
    .thread T_0, $push;
# The file index is used to find the file name in the following table.
:file_names 4;
    "N/A";
    "<interactive>";
    "-";
    "hdl_projects\alu.sv";
