#! /d/a/fpga-toolchain-build/fpga-toolchain-build/iverilog/_install/bin/vvp
:ivl_version "11.0 (stable)" "(d3b0992)";
:ivl_delay_selection "TYPICAL";
:vpi_time_precision + 0;
:vpi_module "C:\PROGRA~3\CHOCOL~1\lib\iverilog\tools\lib\ivl\system.vpi";
:vpi_module "C:\PROGRA~3\CHOCOL~1\lib\iverilog\tools\lib\ivl\vhdl_sys.vpi";
:vpi_module "C:\PROGRA~3\CHOCOL~1\lib\iverilog\tools\lib\ivl\vhdl_textio.vpi";
:vpi_module "C:\PROGRA~3\CHOCOL~1\lib\iverilog\tools\lib\ivl\v2005_math.vpi";
:vpi_module "C:\PROGRA~3\CHOCOL~1\lib\iverilog\tools\lib\ivl\va_math.vpi";
:vpi_module "C:\PROGRA~3\CHOCOL~1\lib\iverilog\tools\lib\ivl\v2009.vpi";
S_0000022396f26890 .scope package, "$unit" "$unit" 2 1;
 .timescale 0 0;
S_0000022396f26a20 .scope module, "mux2" "mux2" 3 2;
 .timescale 0 0;
    .port_info 0 /INPUT 8 "a";
    .port_info 1 /INPUT 8 "b";
    .port_info 2 /INPUT 1 "sel";
    .port_info 3 /OUTPUT 8 "y";
o0000022396fb6fa8 .functor BUFZ 8, C4<zzzzzzzz>; HiZ drive
v0000022396f26fc0_0 .net "a", 7 0, o0000022396fb6fa8;  0 drivers
o0000022396fb6fd8 .functor BUFZ 8, C4<zzzzzzzz>; HiZ drive
v0000022396f26bb0_0 .net "b", 7 0, o0000022396fb6fd8;  0 drivers
o0000022396fb7008 .functor BUFZ 1, C4<z>; HiZ drive
v0000022396f26c50_0 .net "sel", 0 0, o0000022396fb7008;  0 drivers
v0000022396f2e5a0_0 .net "y", 7 0, L_0000022396f2e640;  1 drivers
L_0000022396f2e640 .functor MUXZ 8, o0000022396fb6fa8, o0000022396fb6fd8, o0000022396fb7008, C4<>;
# The file index is used to find the file name in the following table.
:file_names 4;
    "N/A";
    "<interactive>";
    "-";
    "hdl_projects\mux2.sv";
