#! /d/a/fpga-toolchain-build/fpga-toolchain-build/iverilog/_install/bin/vvp
:ivl_version "11.0 (stable)" "(d3b0992)";
:ivl_delay_selection "TYPICAL";
:vpi_time_precision + 0;
:vpi_module "C:\PROGRA~3\CHOCOL~1\lib\iverilog\tools\lib\ivl\system.vpi";
:vpi_module "C:\PROGRA~3\CHOCOL~1\lib\iverilog\tools\lib\ivl\vhdl_sys.vpi";
:vpi_module "C:\PROGRA~3\CHOCOL~1\lib\iverilog\tools\lib\ivl\vhdl_textio.vpi";
:vpi_module "C:\PROGRA~3\CHOCOL~1\lib\iverilog\tools\lib\ivl\v2005_math.vpi";
:vpi_module "C:\PROGRA~3\CHOCOL~1\lib\iverilog\tools\lib\ivl\va_math.vpi";
:vpi_module "C:\PROGRA~3\CHOCOL~1\lib\iverilog\tools\lib\ivl\v2009.vpi";
S_0000025296756890 .scope package, "$unit" "$unit" 2 1;
 .timescale 0 0;
S_0000025296756a20 .scope module, "mux2to1" "mux2to1" 3 2;
 .timescale 0 0;
    .port_info 0 /INPUT 1 "a";
    .port_info 1 /INPUT 1 "b";
    .port_info 2 /INPUT 1 "sel";
    .port_info 3 /OUTPUT 1 "y";
o00000252969b6f98 .functor BUFZ 1, C4<z>; HiZ drive
v0000025296757140_0 .net "a", 0 0, o00000252969b6f98;  0 drivers
o00000252969b6fc8 .functor BUFZ 1, C4<z>; HiZ drive
v0000025296756bb0_0 .net "b", 0 0, o00000252969b6fc8;  0 drivers
o00000252969b6ff8 .functor BUFZ 1, C4<z>; HiZ drive
v0000025296756c50_0 .net "sel", 0 0, o00000252969b6ff8;  0 drivers
v000002529675e550_0 .net "y", 0 0, L_000002529675e5f0;  1 drivers
L_000002529675e5f0 .functor MUXZ 1, o00000252969b6f98, o00000252969b6fc8, o00000252969b6ff8, C4<>;
# The file index is used to find the file name in the following table.
:file_names 4;
    "N/A";
    "<interactive>";
    "-";
    "hdl_projects\mux2to1.sv";
