#! /d/a/fpga-toolchain-build/fpga-toolchain-build/iverilog/_install/bin/vvp
:ivl_version "11.0 (stable)" "(d3b0992)";
:ivl_delay_selection "TYPICAL";
:vpi_time_precision + 0;
:vpi_module "C:\PROGRA~3\CHOCOL~1\lib\iverilog\tools\lib\ivl\system.vpi";
:vpi_module "C:\PROGRA~3\CHOCOL~1\lib\iverilog\tools\lib\ivl\vhdl_sys.vpi";
:vpi_module "C:\PROGRA~3\CHOCOL~1\lib\iverilog\tools\lib\ivl\vhdl_textio.vpi";
:vpi_module "C:\PROGRA~3\CHOCOL~1\lib\iverilog\tools\lib\ivl\v2005_math.vpi";
:vpi_module "C:\PROGRA~3\CHOCOL~1\lib\iverilog\tools\lib\ivl\va_math.vpi";
:vpi_module "C:\PROGRA~3\CHOCOL~1\lib\iverilog\tools\lib\ivl\v2009.vpi";
S_0000028c7cf869a0 .scope package, "$unit" "$unit" 2 1;
 .timescale 0 0;
S_0000028c7cf86b30 .scope module, "priority_encoder4" "priority_encoder4" 3 2;
 .timescale 0 0;
    .port_info 0 /INPUT 4 "y";
    .port_info 1 /OUTPUT 2 "a";
    .port_info 2 /OUTPUT 1 "valid";
v0000028c7cf86fe0_0 .var "a", 1 0;
v0000028c7cf8bd50_0 .var "valid", 0 0;
o0000028c7cfd7038 .functor BUFZ 4, C4<zzzz>; HiZ drive
v0000028c7cf8bdf0_0 .net "y", 3 0, o0000028c7cfd7038;  0 drivers
E_0000028c7cf8d930 .event edge, v0000028c7cf8bdf0_0;
    .scope S_0000028c7cf86b30;
T_0 ;
    %wait E_0000028c7cf8d930;
    %load/vec4 v0000028c7cf8bdf0_0;
    %dup/vec4;
    %pushi/vec4 15, 7, 4;
    %cmp/x;
    %jmp/1 T_0.0, 4;
    %dup/vec4;
    %pushi/vec4 7, 3, 4;
    %cmp/x;
    %jmp/1 T_0.1, 4;
    %dup/vec4;
    %pushi/vec4 3, 1, 4;
    %cmp/x;
    %jmp/1 T_0.2, 4;
    %dup/vec4;
    %pushi/vec4 1, 0, 4;
    %cmp/x;
    %jmp/1 T_0.3, 4;
    %pushi/vec4 0, 0, 2;
    %store/vec4 v0000028c7cf86fe0_0, 0, 2;
    %pushi/vec4 0, 0, 1;
    %store/vec4 v0000028c7cf8bd50_0, 0, 1;
    %jmp T_0.5;
T_0.0 ;
    %pushi/vec4 3, 0, 2;
    %store/vec4 v0000028c7cf86fe0_0, 0, 2;
    %pushi/vec4 1, 0, 1;
    %store/vec4 v0000028c7cf8bd50_0, 0, 1;
    %jmp T_0.5;
T_0.1 ;
    %pushi/vec4 2, 0, 2;
    %store/vec4 v0000028c7cf86fe0_0, 0, 2;
    %pushi/vec4 1, 0, 1;
    %store/vec4 v0000028c7cf8bd50_0, 0, 1;
    %jmp T_0.5;
T_0.2 ;
    %pushi/vec4 1, 0, 2;
    %store/vec4 v0000028c7cf86fe0_0, 0, 2;
    %pushi/vec4 1, 0, 1;
    %store/vec4 v0000028c7cf8bd50_0, 0, 1;
    %jmp T_0.5;
T_0.3 ;
    %pushi/vec4 0, 0, 2;
    %store/vec4 v0000028c7cf86fe0_0, 0, 2;
    %pushi/vec4 1, 0, 1;
    %store/vec4 v0000028c7cf8bd50_0, 0, 1;
    %jmp T_0.5;
T_0.5 ;
    %pop/vec4 1;
    %jmp T_0;
    .thread T_0, $push;
# The file index is used to find the file name in the following table.
:file_names 4;
    "N/A";
    "<interactive>";
    "-";
    "hdl_projects\priority_encoder4.sv";
