#! /d/a/fpga-toolchain-build/fpga-toolchain-build/iverilog/_install/bin/vvp
:ivl_version "11.0 (stable)" "(d3b0992)";
:ivl_delay_selection "TYPICAL";
:vpi_time_precision + 0;
:vpi_module "C:\PROGRA~3\CHOCOL~1\lib\iverilog\tools\lib\ivl\system.vpi";
:vpi_module "C:\PROGRA~3\CHOCOL~1\lib\iverilog\tools\lib\ivl\vhdl_sys.vpi";
:vpi_module "C:\PROGRA~3\CHOCOL~1\lib\iverilog\tools\lib\ivl\vhdl_textio.vpi";
:vpi_module "C:\PROGRA~3\CHOCOL~1\lib\iverilog\tools\lib\ivl\v2005_math.vpi";
:vpi_module "C:\PROGRA~3\CHOCOL~1\lib\iverilog\tools\lib\ivl\va_math.vpi";
:vpi_module "C:\PROGRA~3\CHOCOL~1\lib\iverilog\tools\lib\ivl\v2009.vpi";
S_000001f449656890 .scope package, "$unit" "$unit" 2 1;
 .timescale 0 0;
S_000001f449656a20 .scope module, "register8" "register8" 3 2;
 .timescale 0 0;
    .port_info 0 /INPUT 1 "clk";
    .port_info 1 /INPUT 1 "rst";
    .port_info 2 /INPUT 8 "d";
    .port_info 3 /OUTPUT 8 "q";
L_000001f449657160 .functor BUFZ 8, v000001f44965ed30_0, C4<00000000>, C4<00000000>, C4<00000000>;
o000001f4496a6fa8 .functor BUFZ 1, C4<z>; HiZ drive
v000001f449656ed0_0 .net "clk", 0 0, o000001f4496a6fa8;  0 drivers
o000001f4496a6fd8 .functor BUFZ 8, C4<zzzzzzzz>; HiZ drive
v000001f449656bb0_0 .net "d", 7 0, o000001f4496a6fd8;  0 drivers
v000001f449656c50_0 .net "q", 7 0, L_000001f449657160;  1 drivers
v000001f44965ed30_0 .var "q_reg", 7 0;
o000001f4496a7068 .functor BUFZ 1, C4<z>; HiZ drive
v000001f44965edd0_0 .net "rst", 0 0, o000001f4496a7068;  0 drivers
E_000001f449659100 .event posedge, v000001f44965edd0_0, v000001f449656ed0_0;
    .scope S_000001f449656a20;
T_0 ;
    %wait E_000001f449659100;
    %load/vec4 v000001f44965edd0_0;
    %flag_set/vec4 8;
    %jmp/0xz  T_0.0, 8;
    %pushi/vec4 0, 0, 8;
    %assign/vec4 v000001f44965ed30_0, 0;
    %jmp T_0.1;
T_0.0 ;
    %load/vec4 v000001f449656bb0_0;
    %assign/vec4 v000001f44965ed30_0, 0;
T_0.1 ;
    %jmp T_0;
    .thread T_0;
# The file index is used to find the file name in the following table.
:file_names 4;
    "N/A";
    "<interactive>";
    "-";
    "hdl_projects\register8.sv";
