#! /d/a/fpga-toolchain-build/fpga-toolchain-build/iverilog/_install/bin/vvp
:ivl_version "11.0 (stable)" "(d3b0992)";
:ivl_delay_selection "TYPICAL";
:vpi_time_precision + 0;
:vpi_module "C:\PROGRA~3\CHOCOL~1\lib\iverilog\tools\lib\ivl\system.vpi";
:vpi_module "C:\PROGRA~3\CHOCOL~1\lib\iverilog\tools\lib\ivl\vhdl_sys.vpi";
:vpi_module "C:\PROGRA~3\CHOCOL~1\lib\iverilog\tools\lib\ivl\vhdl_textio.vpi";
:vpi_module "C:\PROGRA~3\CHOCOL~1\lib\iverilog\tools\lib\ivl\v2005_math.vpi";
:vpi_module "C:\PROGRA~3\CHOCOL~1\lib\iverilog\tools\lib\ivl\va_math.vpi";
:vpi_module "C:\PROGRA~3\CHOCOL~1\lib\iverilog\tools\lib\ivl\v2009.vpi";
S_000001ef70866890 .scope package, "$unit" "$unit" 2 1;
 .timescale 0 0;
S_000001ef70866a20 .scope module, "shiftreg4" "shiftreg4" 3 2;
 .timescale 0 0;
    .port_info 0 /INPUT 1 "clk";
    .port_info 1 /INPUT 1 "rst";
    .port_info 2 /INPUT 1 "d";
    .port_info 3 /OUTPUT 4 "q";
L_000001ef70866ed0 .functor BUFZ 4, v000001ef7086edf0_0, C4<0000>, C4<0000>, C4<0000>;
o000001ef70716fa8 .functor BUFZ 1, C4<z>; HiZ drive
v000001ef70866bb0_0 .net "clk", 0 0, o000001ef70716fa8;  0 drivers
o000001ef70716fd8 .functor BUFZ 1, C4<z>; HiZ drive
v000001ef70866c50_0 .net "d", 0 0, o000001ef70716fd8;  0 drivers
v000001ef7086ed50_0 .net "q", 3 0, L_000001ef70866ed0;  1 drivers
v000001ef7086edf0_0 .var "q_reg", 3 0;
o000001ef70717068 .functor BUFZ 1, C4<z>; HiZ drive
v000001ef7086ee90_0 .net "rst", 0 0, o000001ef70717068;  0 drivers
E_000001ef70868620 .event posedge, v000001ef7086ee90_0, v000001ef70866bb0_0;
    .scope S_000001ef70866a20;
T_0 ;
    %wait E_000001ef70868620;
    %load/vec4 v000001ef7086ee90_0;
    %flag_set/vec4 8;
    %jmp/0xz  T_0.0, 8;
    %pushi/vec4 0, 0, 4;
    %assign/vec4 v000001ef7086edf0_0, 0;
    %jmp T_0.1;
T_0.0 ;
    %load/vec4 v000001ef7086edf0_0;
    %parti/s 3, 0, 2;
    %load/vec4 v000001ef70866c50_0;
    %concat/vec4; draw_concat_vec4
    %assign/vec4 v000001ef7086edf0_0, 0;
T_0.1 ;
    %jmp T_0;
    .thread T_0;
# The file index is used to find the file name in the following table.
:file_names 4;
    "N/A";
    "<interactive>";
    "-";
    "hdl_projects\shiftreg4.sv";
