#! /d/a/fpga-toolchain-build/fpga-toolchain-build/iverilog/_install/bin/vvp
:ivl_version "11.0 (stable)" "(d3b0992)";
:ivl_delay_selection "TYPICAL";
:vpi_time_precision + 0;
:vpi_module "C:\PROGRA~3\CHOCOL~1\lib\iverilog\tools\lib\ivl\system.vpi";
:vpi_module "C:\PROGRA~3\CHOCOL~1\lib\iverilog\tools\lib\ivl\vhdl_sys.vpi";
:vpi_module "C:\PROGRA~3\CHOCOL~1\lib\iverilog\tools\lib\ivl\vhdl_textio.vpi";
:vpi_module "C:\PROGRA~3\CHOCOL~1\lib\iverilog\tools\lib\ivl\v2005_math.vpi";
:vpi_module "C:\PROGRA~3\CHOCOL~1\lib\iverilog\tools\lib\ivl\va_math.vpi";
:vpi_module "C:\PROGRA~3\CHOCOL~1\lib\iverilog\tools\lib\ivl\v2009.vpi";
S_00000269ce09bc60 .scope package, "$unit" "$unit" 2 1;
 .timescale 0 0;
S_00000269ce09bdf0 .scope module, "tb_alu" "tb_alu" 3 1;
 .timescale 0 0;
v00000269cdfc9210_0 .var "a", 3 0;
v00000269cdfc9490_0 .var "b", 3 0;
v00000269cdfc9df0_0 .var "op", 1 0;
v00000269cdfc98f0_0 .net "y", 3 0, L_00000269cdf791e0;  1 drivers
S_00000269cdf68d20 .scope module, "uut" "alu" 3 5, 4 2 0, S_00000269ce09bdf0;
 .timescale 0 0;
    .port_info 0 /INPUT 4 "a";
    .port_info 1 /INPUT 4 "b";
    .port_info 2 /INPUT 2 "op";
    .port_info 3 /OUTPUT 4 "y";
L_00000269cdf791e0 .functor BUFZ 4, v00000269cdf68ff0_0, C4<0000>, C4<0000>, C4<0000>;
v00000269ce096b70_0 .net "a", 3 0, v00000269cdfc9210_0;  1 drivers
v00000269cdf67820_0 .net "b", 3 0, v00000269cdfc9490_0;  1 drivers
v00000269cdf68eb0_0 .net "op", 1 0, v00000269cdfc9df0_0;  1 drivers
v00000269cdf68f50_0 .net "y", 3 0, L_00000269cdf791e0;  alias, 1 drivers
v00000269cdf68ff0_0 .var "y_reg", 3 0;
E_00000269cdf7d750 .event edge, v00000269cdf68eb0_0, v00000269ce096b70_0, v00000269cdf67820_0;
    .scope S_00000269cdf68d20;
T_0 ;
    %wait E_00000269cdf7d750;
    %load/vec4 v00000269cdf68eb0_0;
    %dup/vec4;
    %pushi/vec4 0, 0, 2;
    %cmp/u;
    %jmp/1 T_0.0, 6;
    %dup/vec4;
    %pushi/vec4 1, 0, 2;
    %cmp/u;
    %jmp/1 T_0.1, 6;
    %dup/vec4;
    %pushi/vec4 2, 0, 2;
    %cmp/u;
    %jmp/1 T_0.2, 6;
    %dup/vec4;
    %pushi/vec4 3, 0, 2;
    %cmp/u;
    %jmp/1 T_0.3, 6;
    %pushi/vec4 0, 0, 4;
    %store/vec4 v00000269cdf68ff0_0, 0, 4;
    %jmp T_0.5;
T_0.0 ;
    %load/vec4 v00000269ce096b70_0;
    %load/vec4 v00000269cdf67820_0;
    %add;
    %store/vec4 v00000269cdf68ff0_0, 0, 4;
    %jmp T_0.5;
T_0.1 ;
    %load/vec4 v00000269ce096b70_0;
    %load/vec4 v00000269cdf67820_0;
    %sub;
    %store/vec4 v00000269cdf68ff0_0, 0, 4;
    %jmp T_0.5;
T_0.2 ;
    %load/vec4 v00000269ce096b70_0;
    %load/vec4 v00000269cdf67820_0;
    %and;
    %store/vec4 v00000269cdf68ff0_0, 0, 4;
    %jmp T_0.5;
T_0.3 ;
    %load/vec4 v00000269ce096b70_0;
    %load/vec4 v00000269cdf67820_0;
    %or;
    %store/vec4 v00000269cdf68ff0_0, 0, 4;
    %jmp T_0.5;
T_0.5 ;
    %pop/vec4 1;
    %jmp T_0;
    .thread T_0, $push;
    .scope S_00000269ce09bdf0;
T_1 ;
    %pushi/vec4 3, 0, 4;
    %store/vec4 v00000269cdfc9210_0, 0, 4;
    %pushi/vec4 5, 0, 4;
    %store/vec4 v00000269cdfc9490_0, 0, 4;
    %pushi/vec4 0, 0, 2;
    %store/vec4 v00000269cdfc9df0_0, 0, 2;
    %delay 1, 0;
    %vpi_call/w 3 8 "$display", "y = %d (add)", v00000269cdfc98f0_0 {0 0 0};
    %pushi/vec4 1, 0, 2;
    %store/vec4 v00000269cdfc9df0_0, 0, 2;
    %delay 1, 0;
    %vpi_call/w 3 10 "$display", "y = %d (sub)", v00000269cdfc98f0_0 {0 0 0};
    %pushi/vec4 2, 0, 2;
    %store/vec4 v00000269cdfc9df0_0, 0, 2;
    %delay 1, 0;
    %vpi_call/w 3 12 "$display", "y = %d (and)", v00000269cdfc98f0_0 {0 0 0};
    %pushi/vec4 3, 0, 2;
    %store/vec4 v00000269cdfc9df0_0, 0, 2;
    %delay 1, 0;
    %vpi_call/w 3 14 "$display", "y = %d (or)", v00000269cdfc98f0_0 {0 0 0};
    %end;
    .thread T_1;
# The file index is used to find the file name in the following table.
:file_names 5;
    "N/A";
    "<interactive>";
    "-";
    "hdl_projects\tb_alu.sv";
    "hdl_projects\alu.sv";
