#! /d/a/fpga-toolchain-build/fpga-toolchain-build/iverilog/_install/bin/vvp
:ivl_version "11.0 (stable)" "(d3b0992)";
:ivl_delay_selection "TYPICAL";
:vpi_time_precision + 0;
:vpi_module "C:\PROGRA~3\CHOCOL~1\lib\iverilog\tools\lib\ivl\system.vpi";
:vpi_module "C:\PROGRA~3\CHOCOL~1\lib\iverilog\tools\lib\ivl\vhdl_sys.vpi";
:vpi_module "C:\PROGRA~3\CHOCOL~1\lib\iverilog\tools\lib\ivl\vhdl_textio.vpi";
:vpi_module "C:\PROGRA~3\CHOCOL~1\lib\iverilog\tools\lib\ivl\v2005_math.vpi";
:vpi_module "C:\PROGRA~3\CHOCOL~1\lib\iverilog\tools\lib\ivl\va_math.vpi";
:vpi_module "C:\PROGRA~3\CHOCOL~1\lib\iverilog\tools\lib\ivl\v2009.vpi";
S_0000027e3fbcb7e0 .scope package, "$unit" "$unit" 2 1;
 .timescale 0 0;
S_0000027e3fbcb970 .scope module, "tb_comparator4" "tb_comparator4" 3 1;
 .timescale 0 0;
v0000027e3faa9090_0 .var "a", 3 0;
v0000027e3fb09e90_0 .var "b", 3 0;
v0000027e3fb098f0_0 .net "eq", 0 0, L_0000027e3fb090d0;  1 drivers
v0000027e3fb09030_0 .net "gt", 0 0, L_0000027e3fb09c10;  1 drivers
v0000027e3fb093f0_0 .net "lt", 0 0, L_0000027e3fb09850;  1 drivers
S_0000027e3faa8d20 .scope module, "uut" "comparator4" 3 4, 4 2 0, S_0000027e3fbcb970;
 .timescale 0 0;
    .port_info 0 /INPUT 4 "a";
    .port_info 1 /INPUT 4 "b";
    .port_info 2 /OUTPUT 1 "eq";
    .port_info 3 /OUTPUT 1 "gt";
    .port_info 4 /OUTPUT 1 "lt";
v0000027e3fbc6b70_0 .net "a", 3 0, v0000027e3faa9090_0;  1 drivers
v0000027e3faa7820_0 .net "b", 3 0, v0000027e3fb09e90_0;  1 drivers
v0000027e3faa8eb0_0 .net "eq", 0 0, L_0000027e3fb090d0;  alias, 1 drivers
v0000027e3faa8f50_0 .net "gt", 0 0, L_0000027e3fb09c10;  alias, 1 drivers
v0000027e3faa8ff0_0 .net "lt", 0 0, L_0000027e3fb09850;  alias, 1 drivers
L_0000027e3fb090d0 .cmp/eq 4, v0000027e3faa9090_0, v0000027e3fb09e90_0;
L_0000027e3fb09c10 .cmp/gt 4, v0000027e3faa9090_0, v0000027e3fb09e90_0;
L_0000027e3fb09850 .cmp/gt 4, v0000027e3fb09e90_0, v0000027e3faa9090_0;
    .scope S_0000027e3fbcb970;
T_0 ;
    %pushi/vec4 5, 0, 4;
    %store/vec4 v0000027e3faa9090_0, 0, 4;
    %pushi/vec4 5, 0, 4;
    %store/vec4 v0000027e3fb09e90_0, 0, 4;
    %delay 1, 0;
    %vpi_call/w 3 8 "$display", "eq = %b, gt = %b, lt = %b", v0000027e3fb098f0_0, v0000027e3fb09030_0, v0000027e3fb093f0_0 {0 0 0};
    %pushi/vec4 8, 0, 4;
    %store/vec4 v0000027e3faa9090_0, 0, 4;
    %pushi/vec4 7, 0, 4;
    %store/vec4 v0000027e3fb09e90_0, 0, 4;
    %delay 1, 0;
    %vpi_call/w 3 11 "$display", "eq = %b, gt = %b, lt = %b", v0000027e3fb098f0_0, v0000027e3fb09030_0, v0000027e3fb093f0_0 {0 0 0};
    %pushi/vec4 2, 0, 4;
    %store/vec4 v0000027e3faa9090_0, 0, 4;
    %pushi/vec4 4, 0, 4;
    %store/vec4 v0000027e3fb09e90_0, 0, 4;
    %delay 1, 0;
    %vpi_call/w 3 14 "$display", "eq = %b, gt = %b, lt = %b", v0000027e3fb098f0_0, v0000027e3fb09030_0, v0000027e3fb093f0_0 {0 0 0};
    %end;
    .thread T_0;
# The file index is used to find the file name in the following table.
:file_names 5;
    "N/A";
    "<interactive>";
    "-";
    "hdl_projects\tb_comparator4.sv";
    "hdl_projects\comparator4.sv";
