#! /d/a/fpga-toolchain-build/fpga-toolchain-build/iverilog/_install/bin/vvp
:ivl_version "11.0 (stable)" "(d3b0992)";
:ivl_delay_selection "TYPICAL";
:vpi_time_precision + 0;
:vpi_module "C:\PROGRA~3\CHOCOL~1\lib\iverilog\tools\lib\ivl\system.vpi";
:vpi_module "C:\PROGRA~3\CHOCOL~1\lib\iverilog\tools\lib\ivl\vhdl_sys.vpi";
:vpi_module "C:\PROGRA~3\CHOCOL~1\lib\iverilog\tools\lib\ivl\vhdl_textio.vpi";
:vpi_module "C:\PROGRA~3\CHOCOL~1\lib\iverilog\tools\lib\ivl\v2005_math.vpi";
:vpi_module "C:\PROGRA~3\CHOCOL~1\lib\iverilog\tools\lib\ivl\va_math.vpi";
:vpi_module "C:\PROGRA~3\CHOCOL~1\lib\iverilog\tools\lib\ivl\v2009.vpi";
S_000001f804fc8e30 .scope package, "$unit" "$unit" 2 1;
 .timescale 0 0;
S_000001f804fc8fc0 .scope module, "tb_decoder2to4" "tb_decoder2to4" 3 1;
 .timescale 0 0;
v000001f804fc75b0_0 .var "a", 1 0;
v000001f8050295d0_0 .net "y", 3 0, L_000001f805029f30;  1 drivers
S_000001f804fc7420 .scope module, "uut" "decoder2to4" 3 4, 4 2 0, S_000001f804fc8fc0;
 .timescale 0 0;
    .port_info 0 /INPUT 2 "a";
    .port_info 1 /OUTPUT 4 "y";
L_000001f805060088 .functor BUFT 1, C4<0001>, C4<0>, C4<0>, C4<0>;
v000001f804f56b70_0 .net/2u *"_ivl_0", 3 0, L_000001f805060088;  1 drivers
v000001f804fc5f20_0 .net "a", 1 0, v000001f804fc75b0_0;  1 drivers
v000001f804f5a540_0 .net "y", 3 0, L_000001f805029f30;  alias, 1 drivers
L_000001f805029f30 .shift/l 4, L_000001f805060088, v000001f804fc75b0_0;
    .scope S_000001f804fc8fc0;
T_0 ;
    %pushi/vec4 0, 0, 2;
    %store/vec4 v000001f804fc75b0_0, 0, 2;
    %delay 1, 0;
    %vpi_call/w 3 7 "$display", "y = %b", v000001f8050295d0_0 {0 0 0};
    %pushi/vec4 1, 0, 2;
    %store/vec4 v000001f804fc75b0_0, 0, 2;
    %delay 1, 0;
    %vpi_call/w 3 9 "$display", "y = %b", v000001f8050295d0_0 {0 0 0};
    %pushi/vec4 2, 0, 2;
    %store/vec4 v000001f804fc75b0_0, 0, 2;
    %delay 1, 0;
    %vpi_call/w 3 11 "$display", "y = %b", v000001f8050295d0_0 {0 0 0};
    %pushi/vec4 3, 0, 2;
    %store/vec4 v000001f804fc75b0_0, 0, 2;
    %delay 1, 0;
    %vpi_call/w 3 13 "$display", "y = %b", v000001f8050295d0_0 {0 0 0};
    %end;
    .thread T_0;
# The file index is used to find the file name in the following table.
:file_names 5;
    "N/A";
    "<interactive>";
    "-";
    "hdl_projects\tb_decoder2to4.sv";
    "hdl_projects\decoder2to4.sv";
