#! /d/a/fpga-toolchain-build/fpga-toolchain-build/iverilog/_install/bin/vvp
:ivl_version "11.0 (stable)" "(d3b0992)";
:ivl_delay_selection "TYPICAL";
:vpi_time_precision + 0;
:vpi_module "C:\PROGRA~3\CHOCOL~1\lib\iverilog\tools\lib\ivl\system.vpi";
:vpi_module "C:\PROGRA~3\CHOCOL~1\lib\iverilog\tools\lib\ivl\vhdl_sys.vpi";
:vpi_module "C:\PROGRA~3\CHOCOL~1\lib\iverilog\tools\lib\ivl\vhdl_textio.vpi";
:vpi_module "C:\PROGRA~3\CHOCOL~1\lib\iverilog\tools\lib\ivl\v2005_math.vpi";
:vpi_module "C:\PROGRA~3\CHOCOL~1\lib\iverilog\tools\lib\ivl\va_math.vpi";
:vpi_module "C:\PROGRA~3\CHOCOL~1\lib\iverilog\tools\lib\ivl\v2009.vpi";
S_0000024e190abcb0 .scope package, "$unit" "$unit" 2 1;
 .timescale 0 0;
S_0000024e190abe40 .scope module, "tb_encoder4to2" "tb_encoder4to2" 3 1;
 .timescale 0 0;
v0000024e19118eb0_0 .net "a", 1 0, v0000024e190a6b70_0;  1 drivers
v0000024e19118f50_0 .var "y", 3 0;
S_0000024e19118d20 .scope module, "uut" "encoder4to2" 3 4, 4 2 0, S_0000024e190abe40;
 .timescale 0 0;
    .port_info 0 /INPUT 4 "y";
    .port_info 1 /OUTPUT 2 "a";
v0000024e190a6b70_0 .var "a", 1 0;
v0000024e190aa380_0 .net "y", 3 0, v0000024e19118f50_0;  1 drivers
E_0000024e1912d150 .event edge, v0000024e190aa380_0;
    .scope S_0000024e19118d20;
T_0 ;
    %wait E_0000024e1912d150;
    %load/vec4 v0000024e190aa380_0;
    %dup/vec4;
    %pushi/vec4 1, 0, 4;
    %cmp/u;
    %jmp/1 T_0.0, 6;
    %dup/vec4;
    %pushi/vec4 2, 0, 4;
    %cmp/u;
    %jmp/1 T_0.1, 6;
    %dup/vec4;
    %pushi/vec4 4, 0, 4;
    %cmp/u;
    %jmp/1 T_0.2, 6;
    %dup/vec4;
    %pushi/vec4 8, 0, 4;
    %cmp/u;
    %jmp/1 T_0.3, 6;
    %pushi/vec4 0, 0, 2;
    %store/vec4 v0000024e190a6b70_0, 0, 2;
    %jmp T_0.5;
T_0.0 ;
    %pushi/vec4 0, 0, 2;
    %store/vec4 v0000024e190a6b70_0, 0, 2;
    %jmp T_0.5;
T_0.1 ;
    %pushi/vec4 1, 0, 2;
    %store/vec4 v0000024e190a6b70_0, 0, 2;
    %jmp T_0.5;
T_0.2 ;
    %pushi/vec4 2, 0, 2;
    %store/vec4 v0000024e190a6b70_0, 0, 2;
    %jmp T_0.5;
T_0.3 ;
    %pushi/vec4 3, 0, 2;
    %store/vec4 v0000024e190a6b70_0, 0, 2;
    %jmp T_0.5;
T_0.5 ;
    %pop/vec4 1;
    %jmp T_0;
    .thread T_0, $push;
    .scope S_0000024e190abe40;
T_1 ;
    %pushi/vec4 1, 0, 4;
    %store/vec4 v0000024e19118f50_0, 0, 4;
    %delay 1, 0;
    %vpi_call/w 3 7 "$display", "a = %b", v0000024e19118eb0_0 {0 0 0};
    %pushi/vec4 2, 0, 4;
    %store/vec4 v0000024e19118f50_0, 0, 4;
    %delay 1, 0;
    %vpi_call/w 3 9 "$display", "a = %b", v0000024e19118eb0_0 {0 0 0};
    %pushi/vec4 4, 0, 4;
    %store/vec4 v0000024e19118f50_0, 0, 4;
    %delay 1, 0;
    %vpi_call/w 3 11 "$display", "a = %b", v0000024e19118eb0_0 {0 0 0};
    %pushi/vec4 8, 0, 4;
    %store/vec4 v0000024e19118f50_0, 0, 4;
    %delay 1, 0;
    %vpi_call/w 3 13 "$display", "a = %b", v0000024e19118eb0_0 {0 0 0};
    %end;
    .thread T_1;
# The file index is used to find the file name in the following table.
:file_names 5;
    "N/A";
    "<interactive>";
    "-";
    "hdl_projects\tb_encoder4to2.sv";
    "hdl_projects\encoder4to2.sv";
