#! /d/a/fpga-toolchain-build/fpga-toolchain-build/iverilog/_install/bin/vvp
:ivl_version "11.0 (stable)" "(d3b0992)";
:ivl_delay_selection "TYPICAL";
:vpi_time_precision + 0;
:vpi_module "C:\PROGRA~3\CHOCOL~1\lib\iverilog\tools\lib\ivl\system.vpi";
:vpi_module "C:\PROGRA~3\CHOCOL~1\lib\iverilog\tools\lib\ivl\vhdl_sys.vpi";
:vpi_module "C:\PROGRA~3\CHOCOL~1\lib\iverilog\tools\lib\ivl\vhdl_textio.vpi";
:vpi_module "C:\PROGRA~3\CHOCOL~1\lib\iverilog\tools\lib\ivl\v2005_math.vpi";
:vpi_module "C:\PROGRA~3\CHOCOL~1\lib\iverilog\tools\lib\ivl\va_math.vpi";
:vpi_module "C:\PROGRA~3\CHOCOL~1\lib\iverilog\tools\lib\ivl\v2009.vpi";
S_000001eb18878e30 .scope package, "$unit" "$unit" 2 1;
 .timescale 0 0;
S_000001eb18878fc0 .scope module, "tb_mux2to1" "tb_mux2to1" 3 1;
 .timescale 0 0;
v000001eb18877650_0 .var "a", 0 0;
v000001eb188d9df0_0 .var "b", 0 0;
v000001eb188d9e90_0 .var "sel", 0 0;
v000001eb188d92b0_0 .net "y", 0 0, L_000001eb188d9170;  1 drivers
S_000001eb18877420 .scope module, "uut" "mux2to1" 3 4, 4 2 0, S_000001eb18878fc0;
 .timescale 0 0;
    .port_info 0 /INPUT 1 "a";
    .port_info 1 /INPUT 1 "b";
    .port_info 2 /INPUT 1 "sel";
    .port_info 3 /OUTPUT 1 "y";
v000001eb18916b70_0 .net "a", 0 0, v000001eb18877650_0;  1 drivers
v000001eb18875f20_0 .net "b", 0 0, v000001eb188d9df0_0;  1 drivers
v000001eb1891b4b0_0 .net "sel", 0 0, v000001eb188d9e90_0;  1 drivers
v000001eb188775b0_0 .net "y", 0 0, L_000001eb188d9170;  alias, 1 drivers
L_000001eb188d9170 .functor MUXZ 1, v000001eb18877650_0, v000001eb188d9df0_0, v000001eb188d9e90_0, C4<>;
    .scope S_000001eb18878fc0;
T_0 ;
    %pushi/vec4 0, 0, 1;
    %store/vec4 v000001eb18877650_0, 0, 1;
    %pushi/vec4 1, 0, 1;
    %store/vec4 v000001eb188d9df0_0, 0, 1;
    %pushi/vec4 0, 0, 1;
    %store/vec4 v000001eb188d9e90_0, 0, 1;
    %delay 1, 0;
    %vpi_call/w 3 7 "$display", "y = %b", v000001eb188d92b0_0 {0 0 0};
    %pushi/vec4 1, 0, 1;
    %store/vec4 v000001eb188d9e90_0, 0, 1;
    %delay 1, 0;
    %vpi_call/w 3 9 "$display", "y = %b", v000001eb188d92b0_0 {0 0 0};
    %end;
    .thread T_0;
# The file index is used to find the file name in the following table.
:file_names 5;
    "N/A";
    "<interactive>";
    "-";
    "hdl_projects\tb_mux2to1.sv";
    "hdl_projects\mux2to1.sv";
