#! /d/a/fpga-toolchain-build/fpga-toolchain-build/iverilog/_install/bin/vvp
:ivl_version "11.0 (stable)" "(d3b0992)";
:ivl_delay_selection "TYPICAL";
:vpi_time_precision + 0;
:vpi_module "C:\PROGRA~3\CHOCOL~1\lib\iverilog\tools\lib\ivl\system.vpi";
:vpi_module "C:\PROGRA~3\CHOCOL~1\lib\iverilog\tools\lib\ivl\vhdl_sys.vpi";
:vpi_module "C:\PROGRA~3\CHOCOL~1\lib\iverilog\tools\lib\ivl\vhdl_textio.vpi";
:vpi_module "C:\PROGRA~3\CHOCOL~1\lib\iverilog\tools\lib\ivl\v2005_math.vpi";
:vpi_module "C:\PROGRA~3\CHOCOL~1\lib\iverilog\tools\lib\ivl\va_math.vpi";
:vpi_module "C:\PROGRA~3\CHOCOL~1\lib\iverilog\tools\lib\ivl\v2009.vpi";
S_000001906908aca0 .scope package, "$unit" "$unit" 2 1;
 .timescale 0 0;
S_00000190690fa550 .scope module, "tb_priority_encoder4" "tb_priority_encoder4" 3 1;
 .timescale 0 0;
v00000190690fa910_0 .net "a", 1 0, v0000019069086b70_0;  1 drivers
v00000190690f7c50_0 .net "valid", 0 0, v000001906908ae30_0;  1 drivers
v00000190690d2a00_0 .var "y", 3 0;
S_00000190690fa6e0 .scope module, "uut" "priority_encoder4" 3 5, 4 2 0, S_00000190690fa550;
 .timescale 0 0;
    .port_info 0 /INPUT 4 "y";
    .port_info 1 /OUTPUT 2 "a";
    .port_info 2 /OUTPUT 1 "valid";
v0000019069086b70_0 .var "a", 1 0;
v000001906908ae30_0 .var "valid", 0 0;
v00000190690fa870_0 .net "y", 3 0, v00000190690d2a00_0;  1 drivers
E_000001906910de10 .event edge, v00000190690fa870_0;
    .scope S_00000190690fa6e0;
T_0 ;
    %wait E_000001906910de10;
    %load/vec4 v00000190690fa870_0;
    %dup/vec4;
    %pushi/vec4 15, 7, 4;
    %cmp/x;
    %jmp/1 T_0.0, 4;
    %dup/vec4;
    %pushi/vec4 7, 3, 4;
    %cmp/x;
    %jmp/1 T_0.1, 4;
    %dup/vec4;
    %pushi/vec4 3, 1, 4;
    %cmp/x;
    %jmp/1 T_0.2, 4;
    %dup/vec4;
    %pushi/vec4 1, 0, 4;
    %cmp/x;
    %jmp/1 T_0.3, 4;
    %pushi/vec4 0, 0, 2;
    %store/vec4 v0000019069086b70_0, 0, 2;
    %pushi/vec4 0, 0, 1;
    %store/vec4 v000001906908ae30_0, 0, 1;
    %jmp T_0.5;
T_0.0 ;
    %pushi/vec4 3, 0, 2;
    %store/vec4 v0000019069086b70_0, 0, 2;
    %pushi/vec4 1, 0, 1;
    %store/vec4 v000001906908ae30_0, 0, 1;
    %jmp T_0.5;
T_0.1 ;
    %pushi/vec4 2, 0, 2;
    %store/vec4 v0000019069086b70_0, 0, 2;
    %pushi/vec4 1, 0, 1;
    %store/vec4 v000001906908ae30_0, 0, 1;
    %jmp T_0.5;
T_0.2 ;
    %pushi/vec4 1, 0, 2;
    %store/vec4 v0000019069086b70_0, 0, 2;
    %pushi/vec4 1, 0, 1;
    %store/vec4 v000001906908ae30_0, 0, 1;
    %jmp T_0.5;
T_0.3 ;
    %pushi/vec4 0, 0, 2;
    %store/vec4 v0000019069086b70_0, 0, 2;
    %pushi/vec4 1, 0, 1;
    %store/vec4 v000001906908ae30_0, 0, 1;
    %jmp T_0.5;
T_0.5 ;
    %pop/vec4 1;
    %jmp T_0;
    .thread T_0, $push;
    .scope S_00000190690fa550;
T_1 ;
    %pushi/vec4 0, 0, 4;
    %store/vec4 v00000190690d2a00_0, 0, 4;
    %delay 1, 0;
    %vpi_call/w 3 7 "$display", "a = %b, valid = %b", v00000190690fa910_0, v00000190690f7c50_0 {0 0 0};
    %pushi/vec4 1, 0, 4;
    %store/vec4 v00000190690d2a00_0, 0, 4;
    %delay 1, 0;
    %vpi_call/w 3 8 "$display", "a = %b, valid = %b", v00000190690fa910_0, v00000190690f7c50_0 {0 0 0};
    %pushi/vec4 2, 0, 4;
    %store/vec4 v00000190690d2a00_0, 0, 4;
    %delay 1, 0;
    %vpi_call/w 3 9 "$display", "a = %b, valid = %b", v00000190690fa910_0, v00000190690f7c50_0 {0 0 0};
    %pushi/vec4 4, 0, 4;
    %store/vec4 v00000190690d2a00_0, 0, 4;
    %delay 1, 0;
    %vpi_call/w 3 10 "$display", "a = %b, valid = %b", v00000190690fa910_0, v00000190690f7c50_0 {0 0 0};
    %pushi/vec4 8, 0, 4;
    %store/vec4 v00000190690d2a00_0, 0, 4;
    %delay 1, 0;
    %vpi_call/w 3 11 "$display", "a = %b, valid = %b", v00000190690fa910_0, v00000190690f7c50_0 {0 0 0};
    %pushi/vec4 10, 0, 4;
    %store/vec4 v00000190690d2a00_0, 0, 4;
    %delay 1, 0;
    %vpi_call/w 3 12 "$display", "a = %b, valid = %b", v00000190690fa910_0, v00000190690f7c50_0 {0 0 0};
    %pushi/vec4 15, 0, 4;
    %store/vec4 v00000190690d2a00_0, 0, 4;
    %delay 1, 0;
    %vpi_call/w 3 13 "$display", "a = %b, valid = %b", v00000190690fa910_0, v00000190690f7c50_0 {0 0 0};
    %end;
    .thread T_1;
# The file index is used to find the file name in the following table.
:file_names 5;
    "N/A";
    "<interactive>";
    "-";
    "hdl_projects\tb_priority_encoder4.sv";
    "hdl_projects\priority_encoder4.sv";
