#! /d/a/fpga-toolchain-build/fpga-toolchain-build/iverilog/_install/bin/vvp
:ivl_version "11.0 (stable)" "(d3b0992)";
:ivl_delay_selection "TYPICAL";
:vpi_time_precision + 0;
:vpi_module "C:\PROGRA~3\CHOCOL~1\lib\iverilog\tools\lib\ivl\system.vpi";
:vpi_module "C:\PROGRA~3\CHOCOL~1\lib\iverilog\tools\lib\ivl\vhdl_sys.vpi";
:vpi_module "C:\PROGRA~3\CHOCOL~1\lib\iverilog\tools\lib\ivl\vhdl_textio.vpi";
:vpi_module "C:\PROGRA~3\CHOCOL~1\lib\iverilog\tools\lib\ivl\v2005_math.vpi";
:vpi_module "C:\PROGRA~3\CHOCOL~1\lib\iverilog\tools\lib\ivl\va_math.vpi";
:vpi_module "C:\PROGRA~3\CHOCOL~1\lib\iverilog\tools\lib\ivl\v2009.vpi";
S_000001b84caf8e30 .scope package, "$unit" "$unit" 2 1;
 .timescale 0 0;
S_000001b84caf8fc0 .scope module, "tb_register8" "tb_register8" 3 1;
 .timescale 0 0;
v000001b84cad1720_0 .var "clk", 0 0;
v000001b84cad1f40_0 .var "d", 7 0;
v000001b84cad2440_0 .var/i "i", 31 0;
v000001b84cad21c0_0 .net "q", 7 0, L_000001b84cb08fb0;  1 drivers
v000001b84cad1ea0_0 .var "rst", 0 0;
S_000001b84caf7420 .scope module, "uut" "register8" 3 5, 4 2 0, S_000001b84caf8fc0;
 .timescale 0 0;
    .port_info 0 /INPUT 1 "clk";
    .port_info 1 /INPUT 1 "rst";
    .port_info 2 /INPUT 8 "d";
    .port_info 3 /OUTPUT 8 "q";
L_000001b84cb08fb0 .functor BUFZ 8, v000001b84caf7650_0, C4<00000000>, C4<00000000>, C4<00000000>;
v000001b84c926b70_0 .net "clk", 0 0, v000001b84cad1720_0;  1 drivers
v000001b84c92b950_0 .net "d", 7 0, v000001b84cad1f40_0;  1 drivers
v000001b84caf75b0_0 .net "q", 7 0, L_000001b84cb08fb0;  alias, 1 drivers
v000001b84caf7650_0 .var "q_reg", 7 0;
v000001b84cad24e0_0 .net "rst", 0 0, v000001b84cad1ea0_0;  1 drivers
E_000001b84cb0d790 .event posedge, v000001b84cad24e0_0, v000001b84c926b70_0;
    .scope S_000001b84caf7420;
T_0 ;
    %wait E_000001b84cb0d790;
    %load/vec4 v000001b84cad24e0_0;
    %flag_set/vec4 8;
    %jmp/0xz  T_0.0, 8;
    %pushi/vec4 0, 0, 8;
    %assign/vec4 v000001b84caf7650_0, 0;
    %jmp T_0.1;
T_0.0 ;
    %load/vec4 v000001b84c92b950_0;
    %assign/vec4 v000001b84caf7650_0, 0;
T_0.1 ;
    %jmp T_0;
    .thread T_0;
    .scope S_000001b84caf8fc0;
T_1 ;
    %pushi/vec4 0, 0, 1;
    %store/vec4 v000001b84cad1720_0, 0, 1;
    %pushi/vec4 1, 0, 1;
    %store/vec4 v000001b84cad1ea0_0, 0, 1;
    %pushi/vec4 0, 0, 8;
    %store/vec4 v000001b84cad1f40_0, 0, 8;
    %delay 2, 0;
    %pushi/vec4 0, 0, 1;
    %store/vec4 v000001b84cad1ea0_0, 0, 1;
    %pushi/vec4 0, 0, 32;
    %store/vec4 v000001b84cad2440_0, 0, 32;
T_1.0 ;
    %load/vec4 v000001b84cad2440_0;
    %cmpi/s 4, 0, 32;
    %jmp/0xz T_1.1, 5;
    %vpi_func 3 11 "$random" 32 {0 0 0};
    %pad/s 8;
    %store/vec4 v000001b84cad1f40_0, 0, 8;
    %delay 1, 0;
    %load/vec4 v000001b84cad1720_0;
    %inv;
    %store/vec4 v000001b84cad1720_0, 0, 1;
    %delay 1, 0;
    %load/vec4 v000001b84cad1720_0;
    %inv;
    %store/vec4 v000001b84cad1720_0, 0, 1;
    %vpi_call/w 3 13 "$display", "q = %b", v000001b84cad21c0_0 {0 0 0};
    %load/vec4 v000001b84cad2440_0;
    %addi 1, 0, 32;
    %store/vec4 v000001b84cad2440_0, 0, 32;
    %jmp T_1.0;
T_1.1 ;
    %end;
    .thread T_1;
# The file index is used to find the file name in the following table.
:file_names 5;
    "N/A";
    "<interactive>";
    "-";
    "hdl_projects\tb_register8.sv";
    "hdl_projects\register8.sv";
